0 info it worked if it ends with ok
1 verbose cli [ '/usr/bin/node',
1 verbose cli   '/usr/bin/npm',
1 verbose cli   'install',
1 verbose cli   'karma-phantomjs-launcher',
1 verbose cli   'karma-jasmine',
1 verbose cli   'grunt-karma',
1 verbose cli   '--save-dev' ]
2 info using npm@1.4.28
3 info using node@v0.10.33
4 verbose node symlink /usr/bin/node
5 warn package.json listacompra@0.0.0 No description
6 warn package.json listacompra@0.0.0 No repository field.
7 warn package.json listacompra@0.0.0 No README data
8 verbose readDependencies using package.json deps
9 verbose cache add [ 'karma-phantomjs-launcher', null ]
10 verbose cache add name=undefined spec="karma-phantomjs-launcher" args=["karma-phantomjs-launcher",null]
11 verbose parsed url { protocol: null,
11 verbose parsed url   slashes: null,
11 verbose parsed url   auth: null,
11 verbose parsed url   host: null,
11 verbose parsed url   port: null,
11 verbose parsed url   hostname: null,
11 verbose parsed url   hash: null,
11 verbose parsed url   search: null,
11 verbose parsed url   query: null,
11 verbose parsed url   pathname: 'karma-phantomjs-launcher',
11 verbose parsed url   path: 'karma-phantomjs-launcher',
11 verbose parsed url   href: 'karma-phantomjs-launcher' }
12 verbose cache add [ 'karma-jasmine', null ]
13 verbose cache add name=undefined spec="karma-jasmine" args=["karma-jasmine",null]
14 verbose parsed url { protocol: null,
14 verbose parsed url   slashes: null,
14 verbose parsed url   auth: null,
14 verbose parsed url   host: null,
14 verbose parsed url   port: null,
14 verbose parsed url   hostname: null,
14 verbose parsed url   hash: null,
14 verbose parsed url   search: null,
14 verbose parsed url   query: null,
14 verbose parsed url   pathname: 'karma-jasmine',
14 verbose parsed url   path: 'karma-jasmine',
14 verbose parsed url   href: 'karma-jasmine' }
15 verbose cache add [ 'grunt-karma', null ]
16 verbose cache add name=undefined spec="grunt-karma" args=["grunt-karma",null]
17 verbose parsed url { protocol: null,
17 verbose parsed url   slashes: null,
17 verbose parsed url   auth: null,
17 verbose parsed url   host: null,
17 verbose parsed url   port: null,
17 verbose parsed url   hostname: null,
17 verbose parsed url   hash: null,
17 verbose parsed url   search: null,
17 verbose parsed url   query: null,
17 verbose parsed url   pathname: 'grunt-karma',
17 verbose parsed url   path: 'grunt-karma',
17 verbose parsed url   href: 'grunt-karma' }
18 silly lockFile e0cbf986-karma-phantomjs-launcher karma-phantomjs-launcher
19 verbose lock karma-phantomjs-launcher /home/vvj/.npm/e0cbf986-karma-phantomjs-launcher.lock
20 silly lockFile df56d5e8-karma-jasmine karma-jasmine
21 verbose lock karma-jasmine /home/vvj/.npm/df56d5e8-karma-jasmine.lock
22 silly lockFile 707ccff9-grunt-karma grunt-karma
23 verbose lock grunt-karma /home/vvj/.npm/707ccff9-grunt-karma.lock
24 silly lockFile e0cbf986-karma-phantomjs-launcher karma-phantomjs-launcher
25 silly lockFile e0cbf986-karma-phantomjs-launcher karma-phantomjs-launcher
26 silly lockFile df56d5e8-karma-jasmine karma-jasmine
27 silly lockFile df56d5e8-karma-jasmine karma-jasmine
28 silly lockFile 707ccff9-grunt-karma grunt-karma
29 silly lockFile 707ccff9-grunt-karma grunt-karma
30 verbose addNamed [ 'karma-phantomjs-launcher', '' ]
31 verbose addNamed [ null, '*' ]
32 silly lockFile cdd40d81-karma-phantomjs-launcher karma-phantomjs-launcher@
33 verbose lock karma-phantomjs-launcher@ /home/vvj/.npm/cdd40d81-karma-phantomjs-launcher.lock
34 verbose addNamed [ 'karma-jasmine', '' ]
35 verbose addNamed [ null, '*' ]
36 silly lockFile a9316641-karma-jasmine karma-jasmine@
37 verbose lock karma-jasmine@ /home/vvj/.npm/a9316641-karma-jasmine.lock
38 verbose addNamed [ 'grunt-karma', '' ]
39 verbose addNamed [ null, '*' ]
40 silly lockFile 94531edb-grunt-karma grunt-karma@
41 verbose lock grunt-karma@ /home/vvj/.npm/94531edb-grunt-karma.lock
42 silly addNameRange { name: 'karma-phantomjs-launcher', range: '*', hasData: false }
43 silly addNameRange { name: 'karma-jasmine', range: '*', hasData: false }
44 silly addNameRange { name: 'grunt-karma', range: '*', hasData: false }
45 verbose request where is /karma-phantomjs-launcher
46 verbose request registry https://registry.npmjs.org/
47 verbose request id ef7043cd78f89f36
48 verbose url raw /karma-phantomjs-launcher
49 verbose url resolving [ 'https://registry.npmjs.org/', './karma-phantomjs-launcher' ]
50 verbose url resolved https://registry.npmjs.org/karma-phantomjs-launcher
51 verbose request where is https://registry.npmjs.org/karma-phantomjs-launcher
52 info trying registry request attempt 1 at 12:20:52
53 verbose etag "66UFY5MR6A83JYRYD5F5XPBQP"
54 http GET https://registry.npmjs.org/karma-phantomjs-launcher
55 verbose request where is /karma-jasmine
56 verbose request registry https://registry.npmjs.org/
57 verbose url raw /karma-jasmine
58 verbose url resolving [ 'https://registry.npmjs.org/', './karma-jasmine' ]
59 verbose url resolved https://registry.npmjs.org/karma-jasmine
60 verbose request where is https://registry.npmjs.org/karma-jasmine
61 info trying registry request attempt 1 at 12:20:52
62 verbose etag "4XGLXSUPV5LJRNFSOX64GYABP"
63 http GET https://registry.npmjs.org/karma-jasmine
64 verbose request where is /grunt-karma
65 verbose request registry https://registry.npmjs.org/
66 verbose url raw /grunt-karma
67 verbose url resolving [ 'https://registry.npmjs.org/', './grunt-karma' ]
68 verbose url resolved https://registry.npmjs.org/grunt-karma
69 verbose request where is https://registry.npmjs.org/grunt-karma
70 info trying registry request attempt 1 at 12:20:52
71 verbose etag "50R1YO04BUNB1LII6I505LKYK"
72 http GET https://registry.npmjs.org/grunt-karma
73 http 304 https://registry.npmjs.org/karma-jasmine
74 silly registry.get cb [ 304,
74 silly registry.get   { date: 'Mon, 15 Dec 2014 14:21:05 GMT',
74 silly registry.get     server: 'Apache',
74 silly registry.get     via: '1.1 varnish',
74 silly registry.get     'last-modified': 'Mon, 15 Dec 2014 14:21:05 GMT',
74 silly registry.get     'cache-control': 'max-age=60',
74 silly registry.get     etag: '"4XGLXSUPV5LJRNFSOX64GYABP"',
74 silly registry.get     age: '0',
74 silly registry.get     'x-served-by': 'cache-iad2130-IAD',
74 silly registry.get     'x-cache': 'HIT',
74 silly registry.get     'x-cache-hits': '1',
74 silly registry.get     'x-timer': 'S1418653265.062702,VS0,VE9',
74 silly registry.get     vary: 'Accept',
74 silly registry.get     'content-length': '0',
74 silly registry.get     'keep-alive': 'timeout=10, max=50',
74 silly registry.get     connection: 'Keep-Alive' } ]
75 verbose etag https://registry.npmjs.org/karma-jasmine from cache
76 silly addNameRange number 2 { name: 'karma-jasmine', range: '*', hasData: true }
77 silly addNameRange versions [ 'karma-jasmine',
77 silly addNameRange   [ '0.0.1',
77 silly addNameRange     '0.0.2',
77 silly addNameRange     '0.0.3',
77 silly addNameRange     '0.1.0',
77 silly addNameRange     '0.1.1',
77 silly addNameRange     '0.1.2',
77 silly addNameRange     '0.1.3',
77 silly addNameRange     '0.1.4',
77 silly addNameRange     '0.1.5',
77 silly addNameRange     '0.2.0',
77 silly addNameRange     '0.2.1',
77 silly addNameRange     '0.2.2',
77 silly addNameRange     '0.2.3',
77 silly addNameRange     '0.3.0',
77 silly addNameRange     '0.3.1',
77 silly addNameRange     '0.3.2' ] ]
78 verbose addNamed [ 'karma-jasmine', '0.3.2' ]
79 verbose addNamed [ '0.3.2', '0.3.2' ]
80 silly lockFile 13e9e65f-karma-jasmine-0-3-2 karma-jasmine@0.3.2
81 verbose lock karma-jasmine@0.3.2 /home/vvj/.npm/13e9e65f-karma-jasmine-0-3-2.lock
82 silly lockFile 13e9e65f-karma-jasmine-0-3-2 karma-jasmine@0.3.2
83 silly lockFile 13e9e65f-karma-jasmine-0-3-2 karma-jasmine@0.3.2
84 silly lockFile a9316641-karma-jasmine karma-jasmine@
85 silly lockFile a9316641-karma-jasmine karma-jasmine@
86 http 304 https://registry.npmjs.org/karma-phantomjs-launcher
87 silly registry.get cb [ 304,
87 silly registry.get   { date: 'Mon, 15 Dec 2014 14:21:05 GMT',
87 silly registry.get     server: 'Apache',
87 silly registry.get     via: '1.1 varnish',
87 silly registry.get     'last-modified': 'Mon, 15 Dec 2014 14:21:05 GMT',
87 silly registry.get     'cache-control': 'max-age=60',
87 silly registry.get     etag: '"66UFY5MR6A83JYRYD5F5XPBQP"',
87 silly registry.get     age: '0',
87 silly registry.get     'x-served-by': 'cache-iad2139-IAD',
87 silly registry.get     'x-cache': 'HIT',
87 silly registry.get     'x-cache-hits': '1',
87 silly registry.get     'x-timer': 'S1418653265.052090,VS0,VE52',
87 silly registry.get     vary: 'Accept',
87 silly registry.get     'content-length': '0',
87 silly registry.get     'keep-alive': 'timeout=10, max=50',
87 silly registry.get     connection: 'Keep-Alive' } ]
88 verbose etag https://registry.npmjs.org/karma-phantomjs-launcher from cache
89 silly addNameRange number 2 { name: 'karma-phantomjs-launcher', range: '*', hasData: true }
90 silly addNameRange versions [ 'karma-phantomjs-launcher',
90 silly addNameRange   [ '0.0.1',
90 silly addNameRange     '0.0.2',
90 silly addNameRange     '0.0.3',
90 silly addNameRange     '0.1.0',
90 silly addNameRange     '0.1.1',
90 silly addNameRange     '0.1.2',
90 silly addNameRange     '0.1.3',
90 silly addNameRange     '0.1.4' ] ]
91 verbose addNamed [ 'karma-phantomjs-launcher', '0.1.4' ]
92 verbose addNamed [ '0.1.4', '0.1.4' ]
93 silly lockFile 5b4ecc13-karma-phantomjs-launcher-0-1-4 karma-phantomjs-launcher@0.1.4
94 verbose lock karma-phantomjs-launcher@0.1.4 /home/vvj/.npm/5b4ecc13-karma-phantomjs-launcher-0-1-4.lock
95 silly lockFile 5b4ecc13-karma-phantomjs-launcher-0-1-4 karma-phantomjs-launcher@0.1.4
96 silly lockFile 5b4ecc13-karma-phantomjs-launcher-0-1-4 karma-phantomjs-launcher@0.1.4
97 silly lockFile cdd40d81-karma-phantomjs-launcher karma-phantomjs-launcher@
98 silly lockFile cdd40d81-karma-phantomjs-launcher karma-phantomjs-launcher@
99 http 304 https://registry.npmjs.org/grunt-karma
100 silly registry.get cb [ 304,
100 silly registry.get   { date: 'Mon, 15 Dec 2014 14:21:05 GMT',
100 silly registry.get     server: 'Apache',
100 silly registry.get     via: '1.1 varnish',
100 silly registry.get     'last-modified': 'Mon, 15 Dec 2014 14:21:05 GMT',
100 silly registry.get     'cache-control': 'max-age=60',
100 silly registry.get     etag: '"50R1YO04BUNB1LII6I505LKYK"',
100 silly registry.get     age: '0',
100 silly registry.get     'x-served-by': 'cache-iad2127-IAD',
100 silly registry.get     'x-cache': 'HIT',
100 silly registry.get     'x-cache-hits': '1',
100 silly registry.get     'x-timer': 'S1418653265.062461,VS0,VE352',
100 silly registry.get     vary: 'Accept',
100 silly registry.get     'content-length': '0',
100 silly registry.get     'keep-alive': 'timeout=10, max=50',
100 silly registry.get     connection: 'Keep-Alive' } ]
101 verbose etag https://registry.npmjs.org/grunt-karma from cache
102 silly addNameRange number 2 { name: 'grunt-karma', range: '*', hasData: true }
103 silly addNameRange versions [ 'grunt-karma',
103 silly addNameRange   [ '0.3.0',
103 silly addNameRange     '0.4.0',
103 silly addNameRange     '0.4.1',
103 silly addNameRange     '0.4.2',
103 silly addNameRange     '0.4.3',
103 silly addNameRange     '0.4.4',
103 silly addNameRange     '0.5.0',
103 silly addNameRange     '0.4.5',
103 silly addNameRange     '0.5.1',
103 silly addNameRange     '0.5.2',
103 silly addNameRange     '0.4.6',
103 silly addNameRange     '0.5.3',
103 silly addNameRange     '0.5.4',
103 silly addNameRange     '0.6.0',
103 silly addNameRange     '0.6.1',
103 silly addNameRange     '0.7.0',
103 silly addNameRange     '0.6.2',
103 silly addNameRange     '0.7.1',
103 silly addNameRange     '0.7.2',
103 silly addNameRange     '0.7.3',
103 silly addNameRange     '0.8.0',
103 silly addNameRange     '0.8.1',
103 silly addNameRange     '0.8.2',
103 silly addNameRange     '0.8.3',
103 silly addNameRange     '0.9.0' ] ]
104 verbose addNamed [ 'grunt-karma', '0.9.0' ]
105 verbose addNamed [ '0.9.0', '0.9.0' ]
106 silly lockFile 1c374840-grunt-karma-0-9-0 grunt-karma@0.9.0
107 verbose lock grunt-karma@0.9.0 /home/vvj/.npm/1c374840-grunt-karma-0-9-0.lock
108 silly lockFile 96cf10aa-runt-karma-grunt-karma-0-9-0-tgz https://registry.npmjs.org/grunt-karma/-/grunt-karma-0.9.0.tgz
109 verbose lock https://registry.npmjs.org/grunt-karma/-/grunt-karma-0.9.0.tgz /home/vvj/.npm/96cf10aa-runt-karma-grunt-karma-0-9-0-tgz.lock
110 verbose addRemoteTarball [ 'https://registry.npmjs.org/grunt-karma/-/grunt-karma-0.9.0.tgz',
110 verbose addRemoteTarball   'de3d6ac478ffca350e729f3457457d5b0910e96b' ]
111 info retry fetch attempt 1 at 12:21:05
112 verbose fetch to= /tmp/npm-6525-jRa1by6S/registry.npmjs.org/grunt-karma/-/grunt-karma-0.9.0.tgz
113 http GET https://registry.npmjs.org/grunt-karma/-/grunt-karma-0.9.0.tgz
114 http 200 https://registry.npmjs.org/grunt-karma/-/grunt-karma-0.9.0.tgz
115 silly lockFile 96cf10aa-runt-karma-grunt-karma-0-9-0-tgz https://registry.npmjs.org/grunt-karma/-/grunt-karma-0.9.0.tgz
116 silly lockFile 96cf10aa-runt-karma-grunt-karma-0-9-0-tgz https://registry.npmjs.org/grunt-karma/-/grunt-karma-0.9.0.tgz
117 silly lockFile 1c374840-grunt-karma-0-9-0 grunt-karma@0.9.0
118 silly lockFile 1c374840-grunt-karma-0-9-0 grunt-karma@0.9.0
119 silly lockFile 94531edb-grunt-karma grunt-karma@
120 silly lockFile 94531edb-grunt-karma grunt-karma@
121 error Error: EACCES, mkdir '/home/vvj/.npm/grunt-karma/0.9.0'
121 error  { [Error: EACCES, mkdir '/home/vvj/.npm/grunt-karma/0.9.0']
121 error   errno: 3,
121 error   code: 'EACCES',
121 error   path: '/home/vvj/.npm/grunt-karma/0.9.0',
121 error   parent: 'listacompra' }
122 error Please try running this command again as root/Administrator.
123 error System Linux 3.13.0-40-generic
124 error command "/usr/bin/node" "/usr/bin/npm" "install" "karma-phantomjs-launcher" "karma-jasmine" "grunt-karma" "--save-dev"
125 error cwd /home/vvj/Área de Trabalho/listacompra/front
126 error node -v v0.10.33
127 error npm -v 1.4.28
128 error path /home/vvj/.npm/grunt-karma/0.9.0
129 error code EACCES
130 error errno 3
131 error stack Error: EACCES, mkdir '/home/vvj/.npm/grunt-karma/0.9.0'
132 verbose exit [ 3, true ]
